Started GET "/" for ::1 at 2016-11-10 10:45:01 +0900
Processing by Rails::WelcomeController#index as HTML
  Parameters: {"internal"=>true}
  Rendering C:/Ruby22-x64/lib/ruby/gems/2.2.0/gems/railties-5.0.0.1/lib/rails/templates/rails/welcome/index.html.erb
  Rendered C:/Ruby22-x64/lib/ruby/gems/2.2.0/gems/railties-5.0.0.1/lib/rails/templates/rails/welcome/index.html.erb (15.6ms)
Completed 200 OK in 94ms (Views: 55.4ms | ActiveRecord: 0.0ms)


Started GET "/" for ::1 at 2016-11-10 10:45:01 +0900
Processing by Rails::WelcomeController#index as HTML
  Parameters: {"internal"=>true}
  Rendering C:/Ruby22-x64/lib/ruby/gems/2.2.0/gems/railties-5.0.0.1/lib/rails/templates/rails/welcome/index.html.erb
  Rendered C:/Ruby22-x64/lib/ruby/gems/2.2.0/gems/railties-5.0.0.1/lib/rails/templates/rails/welcome/index.html.erb (3.0ms)
Completed 200 OK in 62ms (Views: 29.5ms | ActiveRecord: 0.0ms)


Started GET "/" for ::1 at 2016-11-10 10:50:11 +0900
Processing by Rails::WelcomeController#index as HTML
  Parameters: {"internal"=>true}
  Rendering C:/Ruby22-x64/lib/ruby/gems/2.2.0/gems/railties-5.0.0.1/lib/rails/templates/rails/welcome/index.html.erb
  Rendered C:/Ruby22-x64/lib/ruby/gems/2.2.0/gems/railties-5.0.0.1/lib/rails/templates/rails/welcome/index.html.erb (3.0ms)
Completed 200 OK in 59ms (Views: 29.7ms | ActiveRecord: 0.0ms)


Started GET "/" for ::1 at 2016-11-10 10:50:33 +0900
Processing by Rails::WelcomeController#index as HTML
  Parameters: {"internal"=>true}
  Rendering C:/Ruby22-x64/lib/ruby/gems/2.2.0/gems/railties-5.0.0.1/lib/rails/templates/rails/welcome/index.html.erb
  Rendered C:/Ruby22-x64/lib/ruby/gems/2.2.0/gems/railties-5.0.0.1/lib/rails/templates/rails/welcome/index.html.erb (0.0ms)
Completed 200 OK in 78ms (Views: 36.3ms | ActiveRecord: 0.0ms)


Started GET "/" for ::1 at 2016-11-10 10:54:30 +0900
Processing by Rails::WelcomeController#index as HTML
  Parameters: {"internal"=>true}
  Rendering C:/Ruby22-x64/lib/ruby/gems/2.2.0/gems/railties-5.0.0.1/lib/rails/templates/rails/welcome/index.html.erb
  Rendered C:/Ruby22-x64/lib/ruby/gems/2.2.0/gems/railties-5.0.0.1/lib/rails/templates/rails/welcome/index.html.erb (6.0ms)
Completed 200 OK in 78ms (Views: 38.3ms | ActiveRecord: 0.0ms)


Started GET "/" for ::1 at 2016-11-10 10:54:36 +0900
Processing by Rails::WelcomeController#index as HTML
  Parameters: {"internal"=>true}
  Rendering C:/Ruby22-x64/lib/ruby/gems/2.2.0/gems/railties-5.0.0.1/lib/rails/templates/rails/welcome/index.html.erb
  Rendered C:/Ruby22-x64/lib/ruby/gems/2.2.0/gems/railties-5.0.0.1/lib/rails/templates/rails/welcome/index.html.erb (3.0ms)
Completed 200 OK in 61ms (Views: 28.1ms | ActiveRecord: 0.0ms)


Started GET "/" for ::1 at 2016-11-10 10:58:05 +0900
Processing by SampleController#index as HTML
  Rendering sample/index.html.erb within layouts/application
  Rendered sample/index.html.erb within layouts/application (0.0ms)
Started GET "/" for ::1 at 2016-11-10 10:58:05 +0900
Processing by SampleController#index as HTML
  Rendering sample/index.html.erb within layouts/application
  Rendered sample/index.html.erb within layouts/application (0.0ms)
Completed 200 OK in 1678ms (Views: 1628.0ms | ActiveRecord: 0.0ms)


Completed 200 OK in 1213ms (Views: 1187.8ms | ActiveRecord: 0.0ms)


